<?xml version="1.0" encoding="UTF-8"?>
<testsuite name="com.db.awmd.challenge.AccountsServiceTest" tests="2" skipped="0" failures="0" errors="0" timestamp="2018-03-25T09:51:25" hostname="Lenovo-PC" time="0.013">
  <properties/>
  <testcase name="addAccount" classname="com.db.awmd.challenge.AccountsServiceTest" time="0.007"/>
  <testcase name="addAccount_failsOnDuplicateId" classname="com.db.awmd.challenge.AccountsServiceTest" time="0.004"/>
  <system-out><![CDATA[2018-03-25 15:21:22.130  INFO 4224 --- [    Test worker] .b.t.c.SpringBootTestContextBootstrapper : Neither @ContextConfiguration nor @ContextHierarchy found for test class [com.db.awmd.challenge.AccountsServiceTest], using SpringBootContextLoader
2018-03-25 15:21:22.136  INFO 4224 --- [    Test worker] o.s.t.c.support.AbstractContextLoader    : Could not detect default resource locations for test class [com.db.awmd.challenge.AccountsServiceTest]: no resource found for suffixes {-context.xml, Context.groovy}.
2018-03-25 15:21:22.136  INFO 4224 --- [    Test worker] t.c.s.AnnotationConfigContextLoaderUtils : Could not detect default configuration classes for test class [com.db.awmd.challenge.AccountsServiceTest]: AccountsServiceTest does not declare any static, non-private, non-final, nested classes annotated with @Configuration.
2018-03-25 15:21:22.146  INFO 4224 --- [    Test worker] .b.t.c.SpringBootTestContextBootstrapper : Found @SpringBootConfiguration com.db.awmd.challenge.DevChallengeApplication for test class com.db.awmd.challenge.AccountsServiceTest
2018-03-25 15:21:22.156  INFO 4224 --- [    Test worker] .b.t.c.SpringBootTestContextBootstrapper : Loaded default TestExecutionListener class names from location [META-INF/spring.factories]: [org.springframework.boot.test.autoconfigure.restdocs.RestDocsTestExecutionListener, org.springframework.boot.test.autoconfigure.web.client.MockRestServiceServerResetTestExecutionListener, org.springframework.boot.test.autoconfigure.web.servlet.MockMvcPrintOnlyOnFailureTestExecutionListener, org.springframework.boot.test.autoconfigure.web.servlet.WebDriverTestExecutionListener, org.springframework.boot.test.mock.mockito.MockitoTestExecutionListener, org.springframework.boot.test.mock.mockito.ResetMocksTestExecutionListener, org.springframework.test.context.web.ServletTestExecutionListener, org.springframework.test.context.support.DirtiesContextBeforeModesTestExecutionListener, org.springframework.test.context.support.DependencyInjectionTestExecutionListener, org.springframework.test.context.support.DirtiesContextTestExecutionListener, org.springframework.test.context.transaction.TransactionalTestExecutionListener, org.springframework.test.context.jdbc.SqlScriptsTestExecutionListener]
2018-03-25 15:21:22.165  INFO 4224 --- [    Test worker] .b.t.c.SpringBootTestContextBootstrapper : Could not instantiate TestExecutionListener [org.springframework.test.context.transaction.TransactionalTestExecutionListener]. Specify custom listener classes or make the default listener classes (and their required dependencies) available. Offending class: [org/springframework/transaction/interceptor/TransactionAttributeSource]
2018-03-25 15:21:22.168  INFO 4224 --- [    Test worker] .b.t.c.SpringBootTestContextBootstrapper : Could not instantiate TestExecutionListener [org.springframework.test.context.jdbc.SqlScriptsTestExecutionListener]. Specify custom listener classes or make the default listener classes (and their required dependencies) available. Offending class: [org/springframework/transaction/interceptor/TransactionAttribute]
2018-03-25 15:21:22.169  INFO 4224 --- [    Test worker] .b.t.c.SpringBootTestContextBootstrapper : Using TestExecutionListeners: [org.springframework.test.context.web.ServletTestExecutionListener@433918d6, org.springframework.test.context.support.DirtiesContextBeforeModesTestExecutionListener@18ddac3f, org.springframework.boot.test.autoconfigure.SpringBootDependencyInjectionTestExecutionListener@3fd080, org.springframework.test.context.support.DirtiesContextTestExecutionListener@9f01aaf, org.springframework.boot.test.autoconfigure.web.servlet.MockMvcPrintOnlyOnFailureTestExecutionListener@2845cef, org.springframework.boot.test.mock.mockito.MockitoTestExecutionListener@77cdb4d4, org.springframework.boot.test.autoconfigure.web.servlet.WebDriverTestExecutionListener@908c17d, org.springframework.boot.test.mock.mockito.ResetMocksTestExecutionListener@249791, org.springframework.boot.test.autoconfigure.restdocs.RestDocsTestExecutionListener@2067c05e, org.springframework.boot.test.autoconfigure.web.client.MockRestServiceServerResetTestExecutionListener@3a96ab92]

  .   ____          _            __ _ _
 /\\ / ___'_ __ _ _(_)_ __  __ _ \ \ \ \
( ( )\___ | '_ | '_| | '_ \/ _` | \ \ \ \
 \\/  ___)| |_)| | | | | || (_| |  ) ) ) )
  '  |____| .__|_| |_|_| |_\__, | / / / /
 =========|_|==============|___/=/_/_/_/
 :: Spring Boot ::        (v1.5.4.RELEASE)

2018-03-25 15:21:22.359  INFO 4224 --- [    Test worker] c.db.awmd.challenge.AccountsServiceTest  : Starting AccountsServiceTest on Lenovo-PC with PID 4224 (started by kishor in C:\kishor-data\HCL-assignment-master\HCL-assignment-master)
2018-03-25 15:21:22.359  INFO 4224 --- [    Test worker] c.db.awmd.challenge.AccountsServiceTest  : No active profile set, falling back to default profiles: default
2018-03-25 15:21:22.367  INFO 4224 --- [    Test worker] o.s.w.c.s.GenericWebApplicationContext   : Refreshing org.springframework.web.context.support.GenericWebApplicationContext@8c85bff: startup date [Sun Mar 25 15:21:22 IST 2018]; root of context hierarchy
2018-03-25 15:21:24.772  INFO 4224 --- [    Test worker] s.w.s.m.m.a.RequestMappingHandlerAdapter : Looking for @ControllerAdvice: org.springframework.web.context.support.GenericWebApplicationContext@8c85bff: startup date [Sun Mar 25 15:21:22 IST 2018]; root of context hierarchy
2018-03-25 15:21:24.827  INFO 4224 --- [    Test worker] s.w.s.m.m.a.RequestMappingHandlerMapping : Mapped "{[/v1/accounts],methods=[POST],consumes=[application/json]}" onto public org.springframework.http.ResponseEntity<java.lang.Object> com.db.awmd.challenge.web.AccountsController.createAccount(com.db.awmd.challenge.domain.Account)
2018-03-25 15:21:24.827  INFO 4224 --- [    Test worker] s.w.s.m.m.a.RequestMappingHandlerMapping : Mapped "{[/v1/accounts/{accountId}],methods=[GET]}" onto public com.db.awmd.challenge.domain.Account com.db.awmd.challenge.web.AccountsController.getAccount(java.lang.String)
2018-03-25 15:21:24.829  INFO 4224 --- [    Test worker] s.w.s.m.m.a.RequestMappingHandlerMapping : Mapped "{[/v1/accounts/transfer],methods=[PUT],consumes=[application/json],produces=[application/json]}" onto public org.springframework.http.ResponseEntity<java.lang.Object> com.db.awmd.challenge.web.AccountsController.transferMoney(com.db.awmd.challenge.domain.AmountTransferRequest)
2018-03-25 15:21:24.833  INFO 4224 --- [    Test worker] s.w.s.m.m.a.RequestMappingHandlerMapping : Mapped "{[/error]}" onto public org.springframework.http.ResponseEntity<java.util.Map<java.lang.String, java.lang.Object>> org.springframework.boot.autoconfigure.web.BasicErrorController.error(javax.servlet.http.HttpServletRequest)
2018-03-25 15:21:24.835  INFO 4224 --- [    Test worker] s.w.s.m.m.a.RequestMappingHandlerMapping : Mapped "{[/error],produces=[text/html]}" onto public org.springframework.web.servlet.ModelAndView org.springframework.boot.autoconfigure.web.BasicErrorController.errorHtml(javax.servlet.http.HttpServletRequest,javax.servlet.http.HttpServletResponse)
2018-03-25 15:21:24.930  INFO 4224 --- [    Test worker] o.s.w.s.handler.SimpleUrlHandlerMapping  : Mapped URL path [/webjars/**] onto handler of type [class org.springframework.web.servlet.resource.ResourceHttpRequestHandler]
2018-03-25 15:21:24.930  INFO 4224 --- [    Test worker] o.s.w.s.handler.SimpleUrlHandlerMapping  : Mapped URL path [/**] onto handler of type [class org.springframework.web.servlet.resource.ResourceHttpRequestHandler]
2018-03-25 15:21:25.017  INFO 4224 --- [    Test worker] o.s.w.s.handler.SimpleUrlHandlerMapping  : Mapped URL path [/**/favicon.ico] onto handler of type [class org.springframework.web.servlet.resource.ResourceHttpRequestHandler]
2018-03-25 15:21:25.338  INFO 4224 --- [    Test worker] c.db.awmd.challenge.AccountsServiceTest  : Started AccountsServiceTest in 3.156 seconds (JVM running for 13.399)
]]></system-out>
  <system-err><![CDATA[]]></system-err>
</testsuite>
